-5.000000 0.00002982820185490278
-4.990000 0.00003035523344283674
-4.980000 0.00003089157710047010
-4.970000 0.00003143739736185371
-4.960000 0.00003199286166817446
-4.950000 0.00003255814041912129
-4.940000 0.00003313340702515863
-4.930000 0.00003371883796072348
-4.920000 0.00003431461281836235
-4.910000 0.00003492091436382504
-4.900000 0.00003553792859213152
-4.890000 0.00003616584478462965
-4.880000 0.00003680485556706082
-4.870000 0.00003745515696865202
-4.860000 0.00003811694848225141
-4.850000 0.00003879043312552689
-4.840000 0.00003947581750324572
-4.830000 0.00004017331187065449
-4.820000 0.00004088313019797943
-4.810000 0.00004160549023606568
-4.800000 0.00004234061358317693
-4.790000 0.00004308872575297479
-4.780000 0.00004385005624369992
-4.770000 0.00004462483860857491
-4.760000 0.00004541331052745159
-4.750000 0.00004621571387972363
-4.740000 0.00004703229481852833
-4.730000 0.00004786330384625868
-4.720000 0.00004870899589141008
-4.710000 0.00004956963038678444
-4.700000 0.00005044547134907672
-4.690000 0.00005133678745986705
-4.680000 0.00005224385214804426
-4.670000 0.00005316694367368528
-4.660000 0.00005410634521341745
-4.650000 0.00005506234494728820
-4.640000 0.00005603523614717022
-4.630000 0.00005702531726672799
-4.620000 0.00005803289203297498
-4.610000 0.00005905826953944749
-4.600000 0.00006010176434102536
-4.590000 0.00006116369655042804
-4.580000 0.00006224439193641505
-4.570000 0.00006334418202372266
-4.560000 0.00006446340419476523
-4.550000 0.00006560240179313416
-4.540000 0.00006676152422892507
-4.530000 0.00006794112708592657
-4.520000 0.00006914157223070269
-4.510000 0.00007036322792360228
-4.500000 0.00007160646893173030
-4.490000 0.00007287167664391526
-4.480000 0.00007415923918770769
-4.470000 0.00007546955154844590
-4.460000 0.00007680301569042548
-4.450000 0.00007816004068021004
-4.440000 0.00007954104281212042
-4.430000 0.00008094644573594119
-4.420000 0.00008237668058688345
-4.410000 0.00008383218611784449
-4.400000 0.00008531340883400363
-4.390000 0.00008682080312979663
-4.380000 0.00008835483142831023
-4.370000 0.00008991596432313958
-4.360000 0.00009150468072275208
-4.350000 0.00009312146799740216
-4.340000 0.00009476682212864181
-4.330000 0.00009644124786147227
-4.320000 0.00009814525885918542
-4.310000 0.00009987937786093952
-4.300000 0.00010164413684212012
-4.290000 0.00010344007717753364
-4.280000 0.00010526774980748545
-4.270000 0.00010712771540679128
-4.260000 0.00010902054455677571
-4.250000 0.00011094681792030845
-4.240000 0.00011290712641993543
-4.230000 0.00011490207141915509
-4.220000 0.00011693226490689907
-4.210000 0.00011899832968527126
-4.200000 0.00012110089956060555
-4.190000 0.00012324061953789803
-4.180000 0.00012541814601867520
-4.170000 0.00012763414700235777
-4.160000 0.00012988930229118316
-4.150000 0.00013218430369874848
-4.140000 0.00013451985526223757
-4.130000 0.00013689667345839827
-4.120000 0.00013931548742333655
-4.110000 0.00014177703917619307
-4.100000 0.00014428208384677235
-4.090000 0.00014683138990719327
-4.080000 0.00014942573940763393
-4.070000 0.00015206592821624082
-4.060000 0.00015475276626327681
-4.050000 0.00015748707778958406
-4.040000 0.00016026970159943468
-4.030000 0.00016310149131785264
-4.020000 0.00016598331565247871
-4.010000 0.00016891605866006440
-4.000000 0.00017190062001767333
-3.990000 0.00017493791529867562
-3.980000 0.00017802887625361806
-3.970000 0.00018117445109605665
-3.960000 0.00018437560479344031
-3.950000 0.00018763331936313380
-3.940000 0.00019094859417367053
-3.930000 0.00019432244625132935
-3.920000 0.00019775591059212685
-3.910000 0.00020125004047932355
-3.900000 0.00020480590780653883
-3.890000 0.00020842460340657619
-3.880000 0.00021210723738605705
-3.870000 0.00021585493946596869
-3.860000 0.00021966885932822838
-3.850000 0.00022355016696837059
-3.840000 0.00022750005305446699
-3.830000 0.00023151972929238719
-3.820000 0.00023561042879751358
-3.810000 0.00023977340647302368
-3.800000 0.00024400993939485726
-3.790000 0.00024832132720348362
-3.780000 0.00025270889250259313
-3.770000 0.00025717398126483157
-3.760000 0.00026171796324470407
-3.750000 0.00026634223239877430
-3.740000 0.00027104820731328874
-3.730000 0.00027583733163935527
-3.720000 0.00028071107453581264
-3.710000 0.00028567093111992391
-3.700000 0.00029071842292603266
-3.690000 0.00029585509837232475
-3.680000 0.00030108253323583574
-3.670000 0.00030640233113585116
-3.660000 0.00031181612402585049
-3.650000 0.00031732557269413856
-3.640000 0.00032293236727332759
-3.630000 0.00032863822775881736
-3.620000 0.00033444490453643901
-3.610000 0.00034035417891941960
-3.600000 0.00034636786369483591
-3.590000 0.00035248780367972245
-3.580000 0.00035871587628700597
-3.570000 0.00036505399210143887
-3.560000 0.00037150409546570884
-3.550000 0.00037806816507690501
-3.540000 0.00038474821459352152
-3.530000 0.00039154629325318844
-3.520000 0.00039846448650131521
-3.510000 0.00040550491663084225
-3.500000 0.00041266974343329686
-3.490000 0.00041996116486135173
-3.480000 0.00042738141770309087
-3.470000 0.00043493277826818792
-3.460000 0.00044261756308621033
-3.450000 0.00045043812961725936
-3.440000 0.00045839687697516872
-3.430000 0.00046649624666348039
-3.420000 0.00047473872332442265
-3.410000 0.00048312683550112527
-3.400000 0.00049166315641329880
-3.390000 0.00050035030474662138
-3.380000 0.00050919094545607180
-3.370000 0.00051818779058345832
-3.360000 0.00052734360008938931
-3.350000 0.00053666118269994796
-3.340000 0.00054614339676832286
-3.330000 0.00055579315115166514
-3.320000 0.00056561340610343795
-3.310000 0.00057560717418153270
-3.300000 0.00058577752117243073
-3.290000 0.00059612756703169309
-3.280000 0.00060666048684107057
-3.270000 0.00061737951178252081
-3.260000 0.00062828793012943826
-3.250000 0.00063938908825539656
-3.240000 0.00065068639166071399
-3.230000 0.00066218330601715975
-3.220000 0.00067388335823111547
-3.210000 0.00068579013752552345
-3.200000 0.00069790729654095303
-3.190000 0.00071023855245611772
-3.180000 0.00072278768812819453
-3.170000 0.00073555855325328919
-3.160000 0.00074855506554740684
-3.150000 0.00076178121194828727
-3.140000 0.00077524104983847653
-3.130000 0.00078893870829001007
-3.120000 0.00080287838933108444
-3.110000 0.00081706436923511291
-3.100000 0.00083150099983255593
-3.090000 0.00084619270984592895
-3.080000 0.00086114400624840142
-3.070000 0.00087635947564639678
-3.060000 0.00089184378568662385
-3.050000 0.00090760168648796853
-3.040000 0.00092363801209868442
-3.030000 0.00093995768197933005
-3.020000 0.00095656570251191045
-3.010000 0.00097346716853567781
-3.000000 0.00099066726491007498
-2.990000 0.00100817126810528800
-2.980000 0.00102598454782090470
-2.970000 0.00104411256863317380
-2.960000 0.00106256089167136490
-2.950000 0.00108133517632375280
-2.940000 0.00110044118197373790
-2.930000 0.00111988476976664930
-2.920000 0.00113967190440775710
-2.910000 0.00115980865599205820
-2.900000 0.00118030120186638960
-2.890000 0.00120115582852444460
-2.880000 0.00122237893353526370
-2.870000 0.00124397702750581240
-2.860000 0.00126595673607822000
-2.850000 0.00128832480196231880
-2.840000 0.00131108808700408360
-2.830000 0.00133425357429062820
-2.820000 0.00135782837029238200
-2.810000 0.00138181970704312610
-2.800000 0.00140623494435853640
-2.790000 0.00143108157209393220
-2.780000 0.00145636721244190940
-2.770000 0.00148209962227056990
-2.760000 0.00150828669550306200
-2.750000 0.00153493646553916170
-2.740000 0.00156205710771963960
-2.730000 0.00158965694183416110
-2.720000 0.00161774443467350370
-2.710000 0.00164632820262685570
-2.700000 0.00167541701432500970
-2.690000 0.00170501979333024430
-2.680000 0.00173514562087373740
-2.670000 0.00176580373864133220
-2.660000 0.00179700355160852290
-2.650000 0.00182875463092552380
-2.640000 0.00186106671685329610
-2.630000 0.00189394972175145920
-2.620000 0.00192741373311897240
-2.610000 0.00196146901668853120
-2.600000 0.00199612601957563100
-2.590000 0.00203139537348325660
-2.580000 0.00206728789796317660
-2.570000 0.00210381460373484670
-2.560000 0.00214098669606293790
-2.550000 0.00217881557819451590
-2.540000 0.00221731285485693690
-2.530000 0.00225649033581752040
-2.520000 0.00229636003950608280
-2.510000 0.00233693419670146040
-2.500000 0.00237822525428312520
-2.490000 0.00242024587904905810
-2.480000 0.00246300896160103450
-2.470000 0.00250652762029852060
-2.460000 0.00255081520528237320
-2.450000 0.00259588530256959180
-2.440000 0.00264175173822034760
-2.430000 0.00268842858257858700
-2.420000 0.00273593015458747750
-2.410000 0.00278427102618103530
-2.400000 0.00283346602675325260
-2.390000 0.00288353024770609090
-2.380000 0.00293447904707773870
-2.370000 0.00298632805425250520
-2.360000 0.00303909317475383350
-2.350000 0.00309279059512182530
-2.340000 0.00314743678787681590
-2.330000 0.00320304851657045700
-2.320000 0.00325964284092586550
-2.310000 0.00331723712206838120
-2.300000 0.00337584902784850580
-2.290000 0.00343549653825864310
-2.280000 0.00349619795094526210
-2.270000 0.00355797188681813240
-2.260000 0.00362083729575834580
-2.250000 0.00368481346242677770
-2.240000 0.00374992001217480010
-2.230000 0.00381617691705892760
-2.220000 0.00388360450196126130
-2.210000 0.00395222345081748350
-2.200000 0.00402205481295428870
-2.190000 0.00409312000953811470
-2.180000 0.00416544084013703660
-2.170000 0.00423903948939779660
-2.160000 0.00431393853383988010
-2.150000 0.00439016094876862940
-2.140000 0.00446773011530937970
-2.130000 0.00454666982756467800
-2.120000 0.00462700429989656470
-2.110000 0.00470875817433608150
-2.100000 0.00479195652812199930
-2.090000 0.00487662488137097400
-2.080000 0.00496278920488118360
-2.070000 0.00505047592807166860
-2.060000 0.00513971194705949330
-2.050000 0.00523052463287694300
-2.040000 0.00532294183983095420
-2.030000 0.00541699191400695990
-2.020000 0.00551270370191940790
-2.010000 0.00561010655931113400
-2.000000 0.00570923036010384000
-1.990000 0.00581010550550187330
-1.980000 0.00591276293325155440
-1.970000 0.00601723412705819620
-1.960000 0.00612355112616307960
-1.950000 0.00623174653508244600
-1.940000 0.00634185353351074400
-1.930000 0.00645390588639012040
-1.920000 0.00656793795414828930
-1.910000 0.00668398470310669140
-1.900000 0.00680208171606093510
-1.890000 0.00692226520303532680
-1.880000 0.00704457201221325020
-1.870000 0.00716903964104506020
-1.860000 0.00729570624753501750
-1.850000 0.00742461066170865740
-1.840000 0.00755579239726182280
-1.830000 0.00768929166339243210
-1.820000 0.00782514937681583720
-1.810000 0.00796340717396436600
-1.800000 0.00810410742337150380
-1.790000 0.00824729323824066610
-1.780000 0.00839300848919845130
-1.770000 0.00854129781723165370
-1.760000 0.00869220664680710190
-1.750000 0.00884578119917276900
-1.740000 0.00900206850583825870
-1.730000 0.00916111642223204490
-1.720000 0.00932297364153229090
-1.710000 0.00948768970866740310
-1.700000 0.00965531503448160970
-1.690000 0.00982590091005999640
-1.680000 0.00999949952120657990
-1.670000 0.01017616396306773900
-1.660000 0.01035594825489228600
-1.650000 0.01053890735491805700
-1.640000 0.01072509717537350000
-1.630000 0.01091457459758103000
-1.620000 0.01110739748714725800
-1.610000 0.01130362470922303600
-1.600000 0.01150331614381424300
-1.590000 0.01170653270112167500
-1.580000 0.01191333633688576100
-1.570000 0.01212379006770884600
-1.560000 0.01233795798632452900
-1.550000 0.01255590527677977900
-1.540000 0.01277769822949169400
-1.530000 0.01300340425613625400
-1.520000 0.01323309190432145200
-1.510000 0.01346683087199187400
-1.500000 0.01370469202150575000
-1.490000 0.01394674739331888300
-1.480000 0.01419307021920264600
-1.470000 0.01444373493491494400
-1.460000 0.01469881719223457500
-1.450000 0.01495839387025899400
-1.440000 0.01522254308585535200
-1.430000 0.01549134420314197100
-1.420000 0.01576487784186488700
-1.410000 0.01604322588451902200
-1.400000 0.01632647148204774100
-1.390000 0.01661469905793666300
-1.380000 0.01690799431049820600
-1.370000 0.01720644421312134800
-1.360000 0.01751013701223778200
-1.350000 0.01781916222272894900
-1.340000 0.01813361062046952800
-1.330000 0.01845357423167114100
-1.320000 0.01877914631865433600
-1.310000 0.01911042136163863100
-1.300000 0.01944749503609655200
-1.290000 0.01979046418517125400
-1.280000 0.02013942678660420000
-1.270000 0.02049448191356232500
-1.260000 0.02085572968869028200
-1.250000 0.02122327123064347100
-1.240000 0.02159720859228011700
-1.230000 0.02197764468960564800
-1.220000 0.02236468322046846600
-1.210000 0.02275842857190274500
-1.200000 0.02315898571489973000
-1.190000 0.02356646008526279400
-1.180000 0.02398095744906316600
-1.170000 0.02440258375105970600
-1.160000 0.02483144494427792100
-1.150000 0.02526764679875726300
-1.140000 0.02571129468727093000
-1.130000 0.02616249334559713600
-1.120000 0.02662134660467153200
-1.110000 0.02708795709167744600
-1.100000 0.02756242589682877900
-1.090000 0.02804485220226839200
-1.080000 0.02853533286914040600
-1.070000 0.02903396197849223200
-1.060000 0.02954083032122137300
-1.050000 0.03005602483179620500
-1.040000 0.03057962795994728600
-1.030000 0.03111171697394073100
-1.020000 0.03165236318840415600
-1.010000 0.03220163110897289500
-1.000000 0.03275957748525652700
-0.990000 0.03332625026278622500
-0.980000 0.03390168742368830600
-0.970000 0.03448591570483475200
-0.960000 0.03507894918114024000
-0.950000 0.03568078770050781000
-0.940000 0.03629141515566594600
-0.930000 0.03691079757678916000
-0.920000 0.03753888102735577400
-0.910000 0.03817558928417221600
-0.900000 0.03882082128089664500
-0.890000 0.03947444829274109100
-0.880000 0.04013631083834717800
-0.870000 0.04080621527315275700
-0.860000 0.04148393004695175000
-0.850000 0.04216918159686890200
-0.840000 0.04286164984573187500
-0.830000 0.04356096327496122900
-0.820000 0.04426669354080668000
-0.810000 0.04497834960328230000
-0.800000 0.04569537133883186400
-0.790000 0.04641712261102441700
-0.780000 0.04714288377902047000
-0.770000 0.04787184363191750200
-0.760000 0.04860309074936783300
-0.750000 0.04933560430634635600
-0.740000 0.05006824436429219100
-0.730000 0.05079974172420140300
-0.720000 0.05152868746235250000
-0.710000 0.05225352232971092200
-0.700000 0.05297252627611551800
-0.690000 0.05368380846565651300
-0.680000 0.05438529828708840700
-0.670000 0.05507473804103668600
-0.660000 0.05574967821403770800
-0.650000 0.05640747653934899400
-0.640000 0.05704530240793864000
-0.630000 0.05766014864129395700
-0.620000 0.05824885317803581200
-0.610000 0.05880813385664911800
-0.600000 0.05933464017512674000
-0.590000 0.05982502661602102900
-0.580000 0.06027605271716458800
-0.570000 0.06068471530602746100
-0.560000 0.06104841777715702000
-0.550000 0.06136517926911852500
-0.540000 0.06163388197235802900
-0.530000 0.06185454594184532800
-0.520000 0.06202860563314411400
-0.510000 0.06215913907850707800
-0.500000 0.06225096970498804300
-0.490000 0.06231053052562812700
-0.480000 0.06234537678494375700
-0.470000 0.06236330843634904600
-0.460000 0.06237126330817215100
-0.450000 0.06237438730232158100
-0.440000 0.06237570934557645800
-0.430000 0.06237660748541047600
-0.420000 0.06237745685639607700
-0.410000 0.06237830405634765800
-0.400000 0.06237915124455977600
-0.390000 0.06237915124455977600
-0.380000 0.06237915124455977600
-0.370000 0.06237915124455977600
-0.360000 0.06237915124455977600
-0.350000 0.06237915124455977600
-0.340000 0.06237915124455977600
-0.330000 0.06237915124455977600
-0.320000 0.06237915124455977600
-0.310000 0.06237915124455977600
-0.300000 0.06237915124455977600
-0.290000 0.06237915124455977600
-0.280000 0.06237915124455977600
-0.270000 0.06237915124455977600
-0.260000 0.06237915124455977600
-0.250000 0.06237915124455977600
-0.240000 0.06237915124455977600
-0.230000 0.06237915124455977600
-0.220000 0.06237915124455977600
-0.210000 0.06237915124455977600
-0.200000 0.06237915124455977600
-0.190000 0.06237915124455977600
-0.180000 0.06237915124455977600
-0.170000 0.06237915124455977600
-0.160000 0.06237915124455977600
-0.150000 0.06237915124455977600
-0.140000 0.06237915124455977600
-0.130000 0.06237915124455977600
-0.120000 0.06237915124455977600
-0.110000 0.06237915124455977600
-0.100000 0.06237915124455977600
-0.090000 0.06237915124455977600
-0.080000 0.06237915124455977600
-0.070000 0.06237915124455977600
-0.060000 0.06237915124455977600
-0.050000 0.06237915124455977600
-0.040000 0.06237915124455977600
-0.030000 0.06237915124455977600
-0.020000 0.06237915124455977600
-0.010000 0.06237915124455977600
0.000000 0.06237915124455977600
0.010000 0.06237915124455977600
0.020000 0.06237915124455977600
0.030000 0.06237915124455977600
0.040000 0.06237915124455977600
0.050000 0.06237915124455977600
0.060000 0.06237915124455977600
0.070000 0.06237915124455977600
0.080000 0.06237915124455977600
0.090000 0.06237915124455977600
0.100000 0.06237915124455977600
0.110000 0.06237915124455977600
0.120000 0.06237915124455977600
0.130000 0.06237915124455977600
0.140000 0.06237915124455977600
0.150000 0.06237915124455977600
0.160000 0.06237915124455977600
0.170000 0.06237915124455977600
0.180000 0.06237915124455977600
0.190000 0.06237915124455977600
0.200000 0.06237915124455977600
0.210000 0.06237915124455977600
0.220000 0.06237915124455977600
0.230000 0.06237915124455977600
0.240000 0.06237915124455977600
0.250000 0.06237915124455977600
0.260000 0.06237915124455977600
0.270000 0.06237915124455977600
0.280000 0.06237915124455977600
0.290000 0.06237915124455977600
0.300000 0.06237915124455977600
0.310000 0.06237915124455977600
0.320000 0.06237915124455977600
0.330000 0.06237915124455977600
0.340000 0.06237915124455977600
0.350000 0.06237915124455977600
0.360000 0.06237915124455977600
0.370000 0.06237915124455977600
0.380000 0.06237915124455977600
0.390000 0.06237915124455977600
0.400000 0.06237915124455977600
0.410000 0.06237830405644095200
0.420000 0.06237745721734855300
0.430000 0.06237664322111914600
0.440000 0.06237656328958868200
0.450000 0.06238286260560096900
0.460000 0.06241627867118536300
0.470000 0.06252239236445011900
0.480000 0.06277864230678434400
0.490000 0.06328943385915331000
0.500000 0.06417214749426468400
0.510000 0.06554048290867658900
0.520000 0.06749125366243458000
0.530000 0.07009705303089407100
0.540000 0.07340420994909845100
0.550000 0.07743432083057363900
0.560000 0.08218769794165006700
0.570000 0.08764753051738088900
0.580000 0.09378402000292579400
0.590000 0.10055810145201793000
0.600000 0.10792459117013427000
0.610000 0.11583473397977644000
0.620000 0.12423819308368914000
0.630000 0.13308455594576382000
0.640000 0.14232443771435144000
0.650000 0.15191026013675613000
0.660000 0.16179677500971290000
0.670000 0.17194139056189914000
0.680000 0.18230434865430586000
0.690000 0.19284879119960419000
0.700000 0.20354074607086270000
0.710000 0.21434905602523938000
0.720000 0.22524526869895073000
0.730000 0.23620350136759777000
0.740000 0.24720029073084746000
0.750000 0.25821443530329269000
0.760000 0.26922683592526442000
0.770000 0.28022033832274507000
0.780000 0.29117958044086362000
0.790000 0.30209084636711997000
0.800000 0.31294192798173581000
0.810000 0.32372199497065662000
0.820000 0.33442147347035056000
0.830000 0.34503193335044552000
0.840000 0.35554598395538095000
0.850000 0.36595717800032679000
0.860000 0.37625992323474411000
0.870000 0.38644940143776269000
0.880000 0.39652149428429384000
0.890000 0.40647271561288906000
0.900000 0.41630014963075779000
0.910000 0.42600139460430825000
0.920000 0.43557451160222871000
0.930000 0.44501797788038955000
0.940000 0.45433064452215610000
0.950000 0.46351169797293612000
0.960000 0.47256062513312608000
0.970000 0.48147718169849468000
0.980000 0.49026136346108129000
0.990000 0.49891338030659138000
1.000000 0.50743363266593988000
1.010000 0.51582269019890736000
1.020000 0.52408127250680858000
1.030000 0.53221023168866533000
1.040000 0.54021053657161200000
1.050000 0.54808325846125183000
1.060000 0.55582955827143998000
1.070000 0.56345067490559930000
1.080000 0.57094791477323303000
1.090000 0.57832264233586284000
1.100000 0.58557627158627756000
1.110000 0.59271025837376656000
1.120000 0.59972609349603867000
1.130000 0.60662529648582797000
1.140000 0.61340941002682614000
1.150000 0.62007999493963561000
1.160000 0.62663862568391604000
1.170000 0.63308688632791210000
1.180000 0.63942636694105159000
1.190000 0.64565866036946395000
1.200000 0.65178535935797210000
1.210000 0.65780805398552844000
1.220000 0.66372832938413717000
1.230000 0.66954776371410563000
1.240000 0.67526792637100463000
1.250000 0.68089037640201633000
1.260000 0.68641666111144262000
1.270000 0.69184831483703624000
1.280000 0.69718685788054002000
1.290000 0.70243379557737295000
1.300000 0.70759061749181984000
1.310000 0.71265879672536470000
1.320000 0.71763978932696215000
1.330000 0.72253503379510486000
1.340000 0.72734595066249907000
1.350000 0.73207394215501898000
1.360000 0.73672039191740857000
1.370000 0.74128666479890626000
1.380000 0.74577410669261024000
1.390000 0.75018404442299569000
1.400000 0.75451778567652272000
1.410000 0.75877661897074822000
1.420000 0.76296181365781435000
1.430000 0.76707461995854143000
1.440000 0.77111626902376218000
1.450000 0.77508797301980881000
1.460000 0.77899092523540536000
1.470000 0.78282630020744226000
1.480000 0.78659525386339169000
1.490000 0.79029892367830157000
1.500000 0.79393842884454968000
1.510000 0.79751487045266800000
1.520000 0.80102933168176571000
1.530000 0.80448287799817264000
1.540000 0.80787655736110942000
1.550000 0.81121140043426443000
1.560000 0.81448842080231643000
1.570000 0.81770861519148574000
1.580000 0.82087296369334983000
1.590000 0.82398242999117466000
1.600000 0.82703796158815102000
1.610000 0.83004049003693059000
1.620000 0.83299093116997924000
1.630000 0.83589018533025372000
1.640000 0.83873913760182650000
1.650000 0.84153865804005912000
1.660000 0.84428960190103219000
1.670000 0.84699280986990955000
1.680000 0.84964910828801732000
1.690000 0.85225930937838101000
1.700000 0.85482421146954013000
1.710000 0.85734459921746464000
1.720000 0.85982124382541270000
1.730000 0.86225490326161180000
1.740000 0.86464632247462991000
1.750000 0.86699623360636247000
1.760000 0.86930535620252569000
1.770000 0.87157439742061327000
1.780000 0.87380405223522861000
1.790000 0.87599500364077487000
1.800000 0.87814792285143506000
1.810000 0.88026346949844037000
1.820000 0.88234229182457713000
1.830000 0.88438502687594500000
1.840000 0.88639230069092512000
1.850000 0.88836472848639370000
1.860000 0.89030291484113744000
1.870000 0.89220745387652123000
1.880000 0.89407892943437695000
1.890000 0.89591791525216258000
1.900000 0.89772497513537142000
1.910000 0.89950066312724841000
1.920000 0.90124552367579414000
1.930000 0.90296009179812109000
1.940000 0.90464489324214836000
1.950000 0.90630044464568571000
1.960000 0.90792725369293403000
1.970000 0.90952581926840992000
1.980000 0.91109663160835663000
1.990000 0.91264017244963958000
2.000000 0.91415691517618480000
2.010000 0.91564732496297219000
2.020000 0.91711185891762792000
2.030000 0.91855096621965071000
2.040000 0.91996508825728451000
2.050000 0.92135465876210532000
2.060000 0.92272010394132187000
2.070000 0.92406184260784274000
2.080000 0.92538028630814195000
2.090000 0.92667583944794285000
2.100000 0.92794889941577940000
2.110000 0.92919985670443417000
2.120000 0.93042909503031967000
2.130000 0.93163699145080581000
2.140000 0.93282391647955309000
2.150000 0.93399023419985872000
2.160000 0.93513630237606826000
2.170000 0.93626247256306683000
2.180000 0.93736909021389847000
2.190000 0.93845649478552495000
2.200000 0.93952501984277514000
2.210000 0.94057499316049487000
2.220000 0.94160673682394624000
2.230000 0.94262056732746602000
2.240000 0.94361679567143342000
2.250000 0.94459572745755205000
2.260000 0.94555766298250044000
2.270000 0.94650289732995074000
2.280000 0.94743172046100954000
2.290000 0.94834441730308672000
2.300000 0.94924126783723262000
2.310000 0.95012254718396094000
2.320000 0.95098852568759107000
2.330000 0.95183946899912697000
2.340000 0.95267563815769885000
2.350000 0.95349728967060421000
2.360000 0.95430467559195087000
2.370000 0.95509804359994943000
2.380000 0.95587763707285334000
2.390000 0.95664369516359737000
2.400000 0.95739645287312902000
2.410000 0.95813614112248202000
2.420000 0.95886298682358717000
2.430000 0.95957721294886777000
2.440000 0.96027903859961672000
2.450000 0.96096867907319961000
2.460000 0.96164634592908049000
2.470000 0.96231224705371410000
2.480000 0.96296658672430191000
2.490000 0.96360956567145162000
2.500000 0.96424138114073932000
2.510000 0.96486222695321588000
2.520000 0.96547229356485054000
2.530000 0.96607176812495643000
2.540000 0.96666083453358764000
2.550000 0.96723967349795525000
2.560000 0.96780846258785225000
2.570000 0.96836737629012359000
2.580000 0.96891658606219055000
2.590000 0.96945626038463784000
2.600000 0.96998656481290424000
2.610000 0.97050766202805705000
2.620000 0.97101971188670300000
2.630000 0.97152287147001648000
2.640000 0.97201729513193258000
2.650000 0.97250313454648873000
2.660000 0.97298053875435819000
2.670000 0.97344965420856266000
2.680000 0.97391062481940516000
2.690000 0.97436359199860800000
2.700000 0.97480869470270015000
2.710000 0.97524606947563530000
2.720000 0.97567585049068684000
2.730000 0.97609816959159890000
2.740000 0.97651315633303826000
2.750000 0.97692093802033075000
2.760000 0.97732163974851960000
2.770000 0.97771538444073447000
2.780000 0.97810229288590522000
2.790000 0.97848248377581037000
2.800000 0.97885607374149475000
2.810000 0.97922317738903808000
2.820000 0.97958390733472211000
2.830000 0.97993837423957186000
2.840000 0.98028668684330278000
2.850000 0.98062895199768074000
2.860000 0.98096527469929917000
2.870000 0.98129575812178960000
2.880000 0.98162050364747000000
2.890000 0.98193961089844894000
2.900000 0.98225317776718191000
2.910000 0.98256130044650647000
2.920000 0.98286407345914673000
2.930000 0.98316158968671385000
2.940000 0.98345394039819545000
2.950000 0.98374121527795744000
2.960000 0.98402350245325354000
2.970000 0.98430088852126252000
2.980000 0.98457345857565093000
2.990000 0.98484129623268046000
3.000000 0.98510448365685344000
3.010000 0.98536310158612572000
3.020000 0.98561722935666629000
3.030000 0.98586694492720484000
3.040000 0.98611232490293621000
3.050000 0.98635344455903051000
3.060000 0.98659037786371662000
3.070000 0.98682319750098224000
3.080000 0.98705197489286134000
3.090000 0.98727678022135268000
3.100000 0.98749768244994662000
3.110000 0.98771474934477688000
3.120000 0.98792804749541618000
3.130000 0.98813764233529811000
3.140000 0.98834359816179507000
3.150000 0.98854597815593714000
3.160000 0.98874484440179977000
3.170000 0.98894025790554363000
3.180000 0.98913227861413611000
3.190000 0.98932096543373405000
3.200000 0.98950637624776050000
3.210000 0.98968856793465632000
3.220000 0.98986759638533472000
3.230000 0.99004351652031986000
3.240000 0.99021638230660214000
3.250000 0.99038624677418641000
3.260000 0.99055316203236687000
3.270000 0.99071717928570657000
3.280000 0.99087834884975090000
3.290000 0.99103672016645716000
3.300000 0.99119234181936722000
3.310000 0.99134526154850766000
3.320000 0.99149552626503756000
3.330000 0.99164318206563729000
3.340000 0.99178827424665006000
3.350000 0.99193084731798131000
3.360000 0.99207094501674409000
3.370000 0.99220861032068786000
3.380000 0.99234388546137153000
3.390000 0.99247681193712833000
3.400000 0.99260743052578793000
3.410000 0.99273578129719420000
3.420000 0.99286190362548943000
3.430000 0.99298583620119907000
3.440000 0.99310761704309680000
3.450000 0.99322728350987133000
3.460000 0.99334487231158319000
3.470000 0.99346041952092945000
3.480000 0.99357396058430580000
3.490000 0.99368553033268658000
3.500000 0.99379516299230208000
3.510000 0.99390289219514594000
3.520000 0.99400875098928543000
3.530000 0.99411277184900604000
3.540000 0.99421498668476715000
3.550000 0.99431542685299790000
3.560000 0.99441412316570954000
3.570000 0.99451110589995473000
3.580000 0.99460640480710794000
3.590000 0.99470004912199905000
3.600000 0.99479206757187999000
3.610000 0.99488248838523174000
3.620000 0.99497133930043424000
3.630000 0.99505864757426499000
3.640000 0.99514443999027047000
3.650000 0.99522874286697249000
3.660000 0.99531158206595260000
3.670000 0.99539298299977486000
3.680000 0.99547297063979212000
3.690000 0.99555156952379664000
3.700000 0.99562880376355700000
3.710000 0.99570469705220399000
3.720000 0.99577927267151201000
3.730000 0.99585255349902835000
3.740000 0.99592456201510227000
3.750000 0.99599532030977067000
3.760000 0.99606485008954659000
3.770000 0.99613317268406587000
3.780000 0.99620030905264056000
3.790000 0.99626627979068139000
3.800000 0.99633110513602219000
3.810000 0.99639480497512078000
3.820000 0.99645739884916784000
3.830000 0.99651890596007320000
3.840000 0.99657934517636382000
3.850000 0.99663873503896827000
3.860000 0.99669709376690208000
3.870000 0.99675443926286511000
3.880000 0.99681078911872190000
3.890000 0.99686616062091127000
3.900000 0.99692057075573670000
3.910000 0.99697403621458758000
3.920000 0.99702657339905221000
3.930000 0.99707819842595424000
3.940000 0.99712892713229406000
3.950000 0.99717877508010866000
3.960000 0.99722775756124293000
3.970000 0.99727588960204594000
3.980000 0.99732318596797365000
3.990000 0.99736966116812575000
4.000000 0.99741532945968991000
4.010000 0.99746020485232023000
4.020000 0.99750430111243427000
4.030000 0.99754763176743244000
4.040000 0.99759021010985371000
4.050000 0.99763204920144832000
4.060000 0.99767316187718702000
4.070000 0.99771356074919781000
4.080000 0.99775325821063643000
4.090000 0.99779226643948560000
4.100000 0.99783059740229318000
4.110000 0.99786826285784280000
4.120000 0.99790527436075860000
4.130000 0.99794164326505330000
4.140000 0.99797738072760889000
4.150000 0.99801249771160183000
4.160000 0.99804700498986199000
4.170000 0.99808091314818181000
4.180000 0.99811423258856036000
4.190000 0.99814697353239801000
4.200000 0.99817914602362678000
4.210000 0.99821075993179753000
4.220000 0.99824182495510250000
4.230000 0.99827235062335373000
4.240000 0.99830234630090553000
4.250000 0.99833182118952624000
4.260000 0.99836078433122222000
4.270000 0.99838924461101231000
4.280000 0.99841721075965095000
4.290000 0.99844469135630853000
4.300000 0.99847169483120335000
4.310000 0.99849822946818689000
4.320000 0.99852430340728460000
4.330000 0.99854992464719428000
4.340000 0.99857510104773961000
4.350000 0.99859984033228055000
4.360000 0.99862415009008298000
4.370000 0.99864803777864641000
4.380000 0.99867151072599447000
4.390000 0.99869457613291823000
4.400000 0.99871724107518922000
4.410000 0.99873951250572679000
4.420000 0.99876139725673374000
4.430000 0.99878290204179221000
4.440000 0.99880403345792157000
4.450000 0.99882479798760171000
4.460000 0.99884520200076432000
4.470000 0.99886525175674523000
4.480000 0.99888495340620420000
4.490000 0.99890431299301286000
4.500000 0.99892333645610853000
4.510000 0.99894202963131529000
4.520000 0.99896039825313632000
4.530000 0.99897844795650881000
4.540000 0.99899618427853865000
4.550000 0.99901361266019340000
4.560000 0.99903073844797530000
4.570000 0.99904756689555874000
4.580000 0.99906410316540395000
4.590000 0.99908035233033932000
4.600000 0.99909631937511900000
4.610000 0.99911200919794929000
4.620000 0.99912742661199594000
4.630000 0.99914257634685533000
4.640000 0.99915746305000930000
4.650000 0.99917209128825002000
4.660000 0.99918646554907808000
4.670000 0.99920059024208363000
4.680000 0.99921446970029681000
4.690000 0.99922810818151586000
4.700000 0.99924150986961568000
4.710000 0.99925467887582986000
4.720000 0.99926761924001173000
4.730000 0.99928033493187507000
4.740000 0.99929282985221013000
4.750000 0.99930510783408133000
4.760000 0.99931717264400355000
4.770000 0.99932902798309631000
4.780000 0.99934067748821964000
4.790000 0.99935212473309054000
4.800000 0.99936337322937818000
4.810000 0.99937442642778174000
4.820000 0.99938528771908897000
4.830000 0.99939596043521628000
4.840000 0.99940644785023136000
4.850000 0.99941675318135648000
4.860000 0.99942687958995569000
4.870000 0.99943683018250629000
4.880000 0.99944660801154983000
4.890000 0.99945621607662893000
4.900000 0.99946565732520853000
4.910000 0.99947493465357773000
4.920000 0.99948405090774262000
4.930000 0.99949300888429304000
4.940000 0.99950181133126736000
4.950000 0.99951046094898977000
4.960000 0.99951896039090282000
4.970000 0.99952731226437752000
4.980000 0.99953551913151861000
4.990000 0.99954358350994388000
5.000000 0.99955150787356173000
